<?xml version="1.0" encoding="UTF-8"?>
<!-- Generated by org.testng.reporters.JUnitXMLReporter -->
<testsuite hostname="LAPTOP-INOVJLH7" ignored="0" name="CyanSecurity App Test Cases" tests="1" failures="1" timestamp="2022-10-29T11:18:03 EET" time="0.661" errors="0">
  <testcase name="runScenario" time="0.165" classname="io.cucumber.testng.AbstractTestNGCucumberTests">
    <failure type="java.lang.NullPointerException">
      <![CDATA[java.lang.NullPointerException
at com.cs.qa.base.TestBase.initialization(TestBase.java:51)
at com.cs.qa.cucumber.stepDefinitions.CucumberHooks.SetUp(CucumberHooks.java:14)
]]>
    </failure>
  </testcase> <!-- runScenario -->
</testsuite> <!-- CyanSecurity App Test Cases -->
