<?xml version="1.0" encoding="UTF-8"?>
<!-- Generated by org.testng.reporters.JUnitXMLReporter -->
<testsuite hostname="LAPTOP-INOVJLH7" ignored="0" name="CyanSecurity App Test Cases" tests="4" failures="0" timestamp="2022-10-30T15:57:22 EET" time="4.044" errors="0">
  <testcase name="runScenario" time="2.536" classname="io.cucumber.testng.AbstractTestNGCucumberTests"/>
  <testcase name="runScenario" time="0.314" classname="io.cucumber.testng.AbstractTestNGCucumberTests"/>
  <testcase name="runScenario" time="0.349" classname="io.cucumber.testng.AbstractTestNGCucumberTests"/>
  <testcase name="runScenario" time="0.328" classname="io.cucumber.testng.AbstractTestNGCucumberTests"/>
</testsuite> <!-- CyanSecurity App Test Cases -->
